# JRE version: OpenJDK Runtime Environment Temurin-22.0.1+8 (22.0.1+8) (build 22.0.1+8)
# Java VM: OpenJDK 64-Bit Server VM Temurin-22.0.1+8 (22.0.1+8, mixed mode, tiered, compressed oops, compressed class ptrs, g1 gc, windows-amd64)
GC Precious Log:
 CardTable entry size: 512
 Card Set container configuration: InlinePtr #cards 4 size 8 Array Of Cards #cards 16 size 48 Howl #buckets 8 coarsen threshold 3686 Howl Bitmap #cards 512 size 80 coarsen threshold 460 Card regions per heap region 1 cards per card region 4096
 CPUs: 12 total, 12 available
 Memory: 16068M
 Large Page Support: Disabled
 NUMA Support: Disabled
 Compressed Oops: Enabled (Zero based)
 Heap Region Size: 2M
 Heap Min Capacity: 8M
 Heap Initial Capacity: 252M
 Heap Max Capacity: 4018M
 Pre-touch: Disabled
 Parallel Workers: 10
 Concurrent Workers: 3
 Concurrent Refinement Workers: 10
 Periodic GC: Disabled
Heap:
 garbage-first heap   total reserved 4114432K, committed 106496K, used 81926K [0x0000000704e00000, 0x0000000800000000)
  region size 2048K, 24 young (49152K), 3 survivors (6144K)
 Metaspace       used 40960K, committed 41472K, reserved 1114112K
  class space    used 4915K, committed 5120K, reserved 1048576K
GC Heap History (20 events):
Event: 3.324 GC heap before
{Heap before GC invocations=4 (full 0):
 garbage-first heap   total reserved 4114432K, committed 63488K, used 45606K [0x0000000704e00000, 0x0000000800000000)
  region size 2048K, 10 young (20480K), 5 survivors (10240K)
 Metaspace       used 26998K, committed 27392K, reserved 1114112K
  class space    used 3300K, committed 3456K, reserved 1048576K
}
Event: 3.333 GC heap after
{Heap after GC invocations=5 (full 0):
 garbage-first heap   total reserved 4114432K, committed 63488K, used 29389K [0x0000000704e00000, 0x0000000800000000)
  region size 2048K, 2 young (4096K), 2 survivors (4096K)
 Metaspace       used 26998K, committed 27392K, reserved 1114112K
  class space    used 3300K, committed 3456K, reserved 1048576K
}
Event: 3.694 GC heap before
{Heap before GC invocations=5 (full 0):
 garbage-first heap   total reserved 4114432K, committed 63488K, used 39629K [0x0000000704e00000, 0x0000000800000000)
  region size 2048K, 9 young (18432K), 2 survivors (4096K)
 Metaspace       used 29388K, committed 29760K, reserved 1114112K
  class space    used 3837K, committed 3968K, reserved 1048576K
}
Event: 3.698 GC heap after
{Heap after GC invocations=6 (full 0):
 garbage-first heap   total reserved 4114432K, committed 63488K, used 30290K [0x0000000704e00000, 0x0000000800000000)
  region size 2048K, 2 young (4096K), 2 survivors (4096K)
 Metaspace       used 29388K, committed 29760K, reserved 1114112K
  class space    used 3837K, committed 3968K, reserved 1048576K
}
Event: 3.911 GC heap before
{Heap before GC invocations=7 (full 0):
 garbage-first heap   total reserved 4114432K, committed 86016K, used 54866K [0x0000000704e00000, 0x0000000800000000)
  region size 2048K, 6 young (12288K), 2 survivors (4096K)
 Metaspace       used 30725K, committed 31168K, reserved 1114112K
  class space    used 4023K, committed 4224K, reserved 1048576K
}
Event: 3.915 GC heap after
{Heap after GC invocations=8 (full 0):
 garbage-first heap   total reserved 4114432K, committed 106496K, used 31409K [0x0000000704e00000, 0x0000000800000000)
  region size 2048K, 2 young (4096K), 2 survivors (4096K)
 Metaspace       used 30725K, committed 31168K, reserved 1114112K
  class space    used 4023K, committed 4224K, reserved 1048576K
}
Event: 14.707 GC heap before
{Heap before GC invocations=8 (full 0):
 garbage-first heap   total reserved 4114432K, committed 106496K, used 92849K [0x0000000704e00000, 0x0000000800000000)
  region size 2048K, 30 young (61440K), 2 survivors (4096K)
 Metaspace       used 36144K, committed 36608K, reserved 1114112K
  class space    used 4549K, committed 4736K, reserved 1048576K
}
Event: 14.714 GC heap after
{Heap after GC invocations=9 (full 0):
 garbage-first heap   total reserved 4114432K, committed 106496K, used 36099K [0x0000000704e00000, 0x0000000800000000)
  region size 2048K, 3 young (6144K), 3 survivors (6144K)
 Metaspace       used 36144K, committed 36608K, reserved 1114112K
  class space    used 4549K, committed 4736K, reserved 1048576K
}
Event: 17.469 GC heap before
{Heap before GC invocations=9 (full 0):
 garbage-first heap   total reserved 4114432K, committed 106496K, used 91395K [0x0000000704e00000, 0x0000000800000000)
  region size 2048K, 30 young (61440K), 3 survivors (6144K)
 Metaspace       used 37160K, committed 37696K, reserved 1114112K
  class space    used 4648K, committed 4864K, reserved 1048576K
}
Event: 17.477 GC heap after
{Heap after GC invocations=10 (full 0):
 garbage-first heap   total reserved 4114432K, committed 106496K, used 38455K [0x0000000704e00000, 0x0000000800000000)
  region size 2048K, 4 young (8192K), 4 survivors (8192K)
 Metaspace       used 37160K, committed 37696K, reserved 1114112K
  class space    used 4648K, committed 4864K, reserved 1048576K
}
Event: 18.915 GC heap before
{Heap before GC invocations=10 (full 0):
 garbage-first heap   total reserved 4114432K, committed 106496K, used 85559K [0x0000000704e00000, 0x0000000800000000)
  region size 2048K, 28 young (57344K), 4 survivors (8192K)
 Metaspace       used 39379K, committed 39936K, reserved 1114112K
  class space    used 4856K, committed 5120K, reserved 1048576K
}
Event: 18.921 GC heap after
{Heap after GC invocations=11 (full 0):
 garbage-first heap   total reserved 4114432K, committed 106496K, used 37653K [0x0000000704e00000, 0x0000000800000000)
  region size 2048K, 2 young (4096K), 2 survivors (4096K)
 Metaspace       used 39379K, committed 39936K, reserved 1114112K
  class space    used 4856K, committed 5120K, reserved 1048576K
}
Event: 29.370 GC heap before
{Heap before GC invocations=11 (full 0):
 garbage-first heap   total reserved 4114432K, committed 106496K, used 94997K [0x0000000704e00000, 0x0000000800000000)
  region size 2048K, 28 young (57344K), 2 survivors (4096K)
 Metaspace       used 40144K, committed 40704K, reserved 1114112K
  class space    used 4880K, committed 5120K, reserved 1048576K
}
Event: 29.374 GC heap after
{Heap after GC invocations=12 (full 0):
 garbage-first heap   total reserved 4114432K, committed 106496K, used 38155K [0x0000000704e00000, 0x0000000800000000)
  region size 2048K, 2 young (4096K), 2 survivors (4096K)
 Metaspace       used 40144K, committed 40704K, reserved 1114112K
  class space    used 4880K, committed 5120K, reserved 1048576K
}
Event: 31.706 GC heap before
{Heap before GC invocations=12 (full 0):
 garbage-first heap   total reserved 4114432K, committed 106496K, used 89355K [0x0000000704e00000, 0x0000000800000000)
  region size 2048K, 28 young (57344K), 2 survivors (4096K)
 Metaspace       used 40275K, committed 40768K, reserved 1114112K
  class space    used 4881K, committed 5120K, reserved 1048576K
}
Event: 31.710 GC heap after
{Heap after GC invocations=13 (full 0):
 garbage-first heap   total reserved 4114432K, committed 106496K, used 39746K [0x0000000704e00000, 0x0000000800000000)
  region size 2048K, 3 young (6144K), 3 survivors (6144K)
 Metaspace       used 40275K, committed 40768K, reserved 1114112K
  class space    used 4881K, committed 5120K, reserved 1048576K
}
Event: 34.929 GC heap before
{Heap before GC invocations=13 (full 0):
 garbage-first heap   total reserved 4114432K, committed 106496K, used 88898K [0x0000000704e00000, 0x0000000800000000)
  region size 2048K, 27 young (55296K), 3 survivors (6144K)
 Metaspace       used 40611K, committed 41088K, reserved 1114112K
  class space    used 4894K, committed 5120K, reserved 1048576K
}
Event: 34.938 GC heap after
{Heap after GC invocations=14 (full 0):
 garbage-first heap   total reserved 4114432K, committed 106496K, used 39588K [0x0000000704e00000, 0x0000000800000000)
  region size 2048K, 3 young (6144K), 3 survivors (6144K)
 Metaspace       used 40611K, committed 41088K, reserved 1114112K
  class space    used 4894K, committed 5120K, reserved 1048576K
}
Event: 39.160 GC heap before
{Heap before GC invocations=14 (full 0):
 garbage-first heap   total reserved 4114432K, committed 106496K, used 88740K [0x0000000704e00000, 0x0000000800000000)
  region size 2048K, 27 young (55296K), 3 survivors (6144K)
 Metaspace       used 40842K, committed 41344K, reserved 1114112K
  class space    used 4910K, committed 5120K, reserved 1048576K
}
Event: 39.164 GC heap after
{Heap after GC invocations=15 (full 0):
 garbage-first heap   total reserved 4114432K, committed 106496K, used 43014K [0x0000000704e00000, 0x0000000800000000)
  region size 2048K, 3 young (6144K), 3 survivors (6144K)
 Metaspace       used 40842K, committed 41344K, reserved 1114112K
  class space    used 4910K, committed 5120K, reserved 1048576K
}

